0 info it worked if it ends with ok
1 verbose cli [ '/usr/local/Cellar/node/4.1.1/bin/node',
1 verbose cli   '/usr/local/bin/npm',
1 verbose cli   'install' ]
2 info using npm@2.14.4
3 info using node@v4.1.1
4 verbose readDependencies loading dependencies from /Users/krykowski/MobaQuiz/package.json
5 warn package.json mobaquiz@ No repository field.
6 warn package.json mobaquiz@ No README data
7 warn package.json mobaquiz@ No license field.
8 verbose install where, deps [ '/Users/krykowski/MobaQuiz',
8 verbose install   [ 'angular2',
8 verbose install     'es6-promise',
8 verbose install     'es6-shim',
8 verbose install     'ionic-framework',
8 verbose install     'reflect-metadata',
8 verbose install     'rxjs',
8 verbose install     'zone.js',
8 verbose install     'lodash',
8 verbose install     'awesome-typescript-loader',
8 verbose install     'strip-sourcemap-loader',
8 verbose install     'typescript' ] ]
9 verbose install where, peers [ '/Users/krykowski/MobaQuiz', [] ]
10 verbose installManyTop reading for lifecycle /Users/krykowski/MobaQuiz/package.json
11 info preinstall mobaquiz@
12 verbose installManyTop reading scoped package data from /Users/krykowski/MobaQuiz/node_modules/angular2/package.json
13 verbose installManyTop reading scoped package data from /Users/krykowski/MobaQuiz/node_modules/awesome-typescript-loader/package.json
14 verbose installManyTop reading scoped package data from /Users/krykowski/MobaQuiz/node_modules/es6-promise/package.json
15 verbose installManyTop reading scoped package data from /Users/krykowski/MobaQuiz/node_modules/es6-shim/package.json
16 verbose installManyTop reading scoped package data from /Users/krykowski/MobaQuiz/node_modules/ionic-framework/package.json
17 verbose installManyTop reading scoped package data from /Users/krykowski/MobaQuiz/node_modules/isomorphic-fetch/package.json
18 verbose installManyTop reading scoped package data from /Users/krykowski/MobaQuiz/node_modules/lodash/package.json
19 verbose installManyTop reading scoped package data from /Users/krykowski/MobaQuiz/node_modules/node-fetch/package.json
20 verbose installManyTop reading scoped package data from /Users/krykowski/MobaQuiz/node_modules/reflect-metadata/package.json
21 verbose installManyTop reading scoped package data from /Users/krykowski/MobaQuiz/node_modules/rxjs/package.json
22 verbose installManyTop reading scoped package data from /Users/krykowski/MobaQuiz/node_modules/strip-sourcemap-loader/package.json
23 verbose installManyTop reading scoped package data from /Users/krykowski/MobaQuiz/node_modules/typescript/package.json
24 verbose installManyTop reading scoped package data from /Users/krykowski/MobaQuiz/node_modules/zone.js/package.json
25 info package.json strip-sourcemap-loader@0.0.1 No repository field.
26 verbose readDependencies loading dependencies from /Users/krykowski/MobaQuiz/package.json
27 verbose targetResolver reading package data from /Users/krykowski/MobaQuiz/node_modules/angular2/package.json
28 verbose targetResolver reading package data from /Users/krykowski/MobaQuiz/node_modules/awesome-typescript-loader/package.json
29 verbose targetResolver reading package data from /Users/krykowski/MobaQuiz/node_modules/es6-promise/package.json
30 verbose targetResolver reading package data from /Users/krykowski/MobaQuiz/node_modules/es6-shim/package.json
31 verbose targetResolver reading package data from /Users/krykowski/MobaQuiz/node_modules/ionic-framework/package.json
32 verbose targetResolver reading package data from /Users/krykowski/MobaQuiz/node_modules/isomorphic-fetch/package.json
33 verbose targetResolver reading package data from /Users/krykowski/MobaQuiz/node_modules/lodash/package.json
34 verbose targetResolver reading package data from /Users/krykowski/MobaQuiz/node_modules/node-fetch/package.json
35 verbose targetResolver reading package data from /Users/krykowski/MobaQuiz/node_modules/reflect-metadata/package.json
36 verbose targetResolver reading package data from /Users/krykowski/MobaQuiz/node_modules/rxjs/package.json
37 verbose targetResolver reading package data from /Users/krykowski/MobaQuiz/node_modules/strip-sourcemap-loader/package.json
38 verbose targetResolver reading package data from /Users/krykowski/MobaQuiz/node_modules/typescript/package.json
39 verbose targetResolver reading package data from /Users/krykowski/MobaQuiz/node_modules/zone.js/package.json
40 verbose targetResolver reading package data from /Users/krykowski/MobaQuiz/node_modules/.bin/tsc/package.json
41 verbose targetResolver reading package data from /Users/krykowski/MobaQuiz/node_modules/.bin/tsserver/package.json
42 verbose already installed skipping angular2@2.0.0-beta.0 /Users/krykowski/MobaQuiz
43 verbose already installed skipping es6-shim@0.33.13 /Users/krykowski/MobaQuiz
44 verbose already installed skipping es6-promise@3.0.2 /Users/krykowski/MobaQuiz
45 verbose already installed skipping ionic-framework@2.0.0-alpha.45 /Users/krykowski/MobaQuiz
46 verbose already installed skipping reflect-metadata@0.1.2 /Users/krykowski/MobaQuiz
47 silly cache add args [ 'rxjs@4.0.7', null ]
48 verbose cache add spec rxjs@4.0.7
49 silly cache add parsed spec Result {
49 silly cache add   raw: 'rxjs@4.0.7',
49 silly cache add   scope: null,
49 silly cache add   name: 'rxjs',
49 silly cache add   rawSpec: '4.0.7',
49 silly cache add   spec: '4.0.7',
49 silly cache add   type: 'version' }
50 silly addNamed rxjs@4.0.7
51 verbose addNamed "4.0.7" is a plain semver version for rxjs
52 silly mapToRegistry name rxjs
53 silly mapToRegistry using default registry
54 silly mapToRegistry registry https://registry.npmjs.org/
55 silly mapToRegistry uri https://registry.npmjs.org/rxjs
56 verbose addNameVersion registry:https://registry.npmjs.org/rxjs not in flight; fetching
57 verbose already installed skipping zone.js@0.5.10 /Users/krykowski/MobaQuiz
58 verbose already installed skipping lodash@^3.10.1 /Users/krykowski/MobaQuiz
59 verbose already installed skipping awesome-typescript-loader@^0.15.9 /Users/krykowski/MobaQuiz
60 verbose already installed skipping strip-sourcemap-loader@0.0.1 /Users/krykowski/MobaQuiz
61 verbose already installed skipping typescript@^1.7.3 /Users/krykowski/MobaQuiz
62 verbose request uri https://registry.npmjs.org/rxjs
63 verbose request no auth needed
64 info attempt registry request try #1 at 10:51:16
65 verbose request id 3c722daa29382752
66 verbose etag "4UWJZPAT40XJYJ7VDUDBN87I4"
67 http request GET https://registry.npmjs.org/rxjs
68 http 304 https://registry.npmjs.org/rxjs
69 silly get cb [ 304,
69 silly get   { date: 'Thu, 31 Dec 2015 09:51:17 GMT',
69 silly get     via: '1.1 varnish',
69 silly get     'cache-control': 'max-age=300',
69 silly get     etag: '"4UWJZPAT40XJYJ7VDUDBN87I4"',
69 silly get     age: '280',
69 silly get     connection: 'keep-alive',
69 silly get     'x-served-by': 'cache-fra1238-FRA',
69 silly get     'x-cache': 'HIT',
69 silly get     'x-cache-hits': '1',
69 silly get     'x-timer': 'S1451555477.016231,VS0,VE0',
69 silly get     vary: 'Accept' } ]
70 verbose etag https://registry.npmjs.org/rxjs from cache
71 verbose get saving rxjs to /Users/krykowski/.npm/registry.npmjs.org/rxjs/.cache.json
72 verbose stack Error: version not found: rxjs@4.0.7
72 verbose stack     at setData (/usr/local/lib/node_modules/npm/lib/cache/add-named.js:137:12)
72 verbose stack     at RES (/usr/local/lib/node_modules/npm/node_modules/inflight/inflight.js:23:14)
72 verbose stack     at f (/usr/local/lib/node_modules/npm/node_modules/once/once.js:17:25)
72 verbose stack     at fixName (/usr/local/lib/node_modules/npm/lib/cache/add-named.js:29:5)
72 verbose stack     at saved (/usr/local/lib/node_modules/npm/lib/cache/caching-client.js:173:7)
72 verbose stack     at /usr/local/lib/node_modules/npm/node_modules/graceful-fs/polyfills.js:210:7
72 verbose stack     at FSReqWrap.oncomplete (fs.js:82:15)
73 verbose statusCode 404
74 verbose cwd /Users/krykowski/MobaQuiz
75 error Darwin 14.5.0
76 error argv "/usr/local/Cellar/node/4.1.1/bin/node" "/usr/local/bin/npm" "install"
77 error node v4.1.1
78 error npm  v2.14.4
79 error version not found: rxjs@4.0.7
80 error If you need help, you may report this error at:
80 error     <https://github.com/npm/npm/issues>
81 verbose exit [ 1, true ]
